[debug] [2021-07-25T18:05:09.681Z] ----------------------------------------------------------------------
[debug] [2021-07-25T18:05:09.682Z] Command:       C:\Program Files\nodejs\node.exe C:\Program Files\nodejs\node_modules\firebase-tools\lib\bin\firebase.js init
[debug] [2021-07-25T18:05:09.683Z] CLI Version:   9.14.0
[debug] [2021-07-25T18:05:09.683Z] Platform:      win32
[debug] [2021-07-25T18:05:09.683Z] Node Version:  v14.17.3
[debug] [2021-07-25T18:05:09.683Z] Time:          Sun Jul 25 2021 20:05:09 GMT+0200 (Central European Summer Time)
[debug] [2021-07-25T18:05:09.683Z] ----------------------------------------------------------------------
[debug] 
[debug] [2021-07-25T18:05:09.689Z] > command requires scopes: ["email","openid","https://www.googleapis.com/auth/cloudplatformprojects.readonly","https://www.googleapis.com/auth/firebase","https://www.googleapis.com/auth/cloud-platform"]
[debug] [2021-07-25T18:05:09.689Z] > authorizing via signed-in user (realhundi1234@gmail.com)
[info] 
     ######## #### ########  ######## ########     ###     ######  ########
     ##        ##  ##     ## ##       ##     ##  ##   ##  ##       ##
     ######    ##  ########  ######   ########  #########  ######  ######
     ##        ##  ##    ##  ##       ##     ## ##     ##       ## ##
     ##       #### ##     ## ######## ########  ##     ##  ######  ########

You're about to initialize a Firebase project in this directory:

  C:\Users\Ivana Begovich.LAPTOP-JHKLTSUB\Projects\movie-rating-app

Before we get started, keep in mind:

  * You are initializing within an existing Firebase project directory

[info] 
=== Project Setup
[info] 
[info] First, let's associate this project directory with a Firebase project.
[info] You can create multiple project aliases by running firebase use --add, 
[info] but for now we'll just set up a default project.
[info] 
[info] i  .firebaserc already has a default project, using test-host-project-a1203. 
[debug] [2021-07-25T18:05:23.205Z] > refreshing access token with scopes: []
[debug] [2021-07-25T18:05:23.205Z] >>> HTTP REQUEST POST https://www.googleapis.com/oauth2/v3/token  
 <request body omitted>
[debug] [2021-07-25T18:05:23.460Z] <<< HTTP RESPONSE 200 {"cache-control":"no-cache, no-store, max-age=0, must-revalidate","expires":"Mon, 01 Jan 1990 00:00:00 GMT","date":"Sun, 25 Jul 2021 18:05:22 GMT","pragma":"no-cache","content-type":"application/json; charset=utf-8","vary":"X-Origin, Referer, Origin,Accept-Encoding","server":"scaffolding on HTTPServer2","x-xss-protection":"0","x-frame-options":"SAMEORIGIN","x-content-type-options":"nosniff","alt-svc":"h3=\":443\"; ma=2592000,h3-29=\":443\"; ma=2592000,h3-T051=\":443\"; ma=2592000,h3-Q050=\":443\"; ma=2592000,h3-Q046=\":443\"; ma=2592000,h3-Q043=\":443\"; ma=2592000,quic=\":443\"; ma=2592000; v=\"46,43\"","accept-ranges":"none","transfer-encoding":"chunked"}
[debug] [2021-07-25T18:05:23.481Z] >>> [apiv2][query] GET https://firebase.googleapis.com/v1beta1/projects/test-host-project-a1203 [none]
[debug] [2021-07-25T18:05:23.772Z] <<< [apiv2][status] GET https://firebase.googleapis.com/v1beta1/projects/test-host-project-a1203 200
[debug] [2021-07-25T18:05:23.773Z] <<< [apiv2][body] GET https://firebase.googleapis.com/v1beta1/projects/test-host-project-a1203 {"projectId":"test-host-project-a1203","projectNumber":"524752520627","displayName":"test-host-project","name":"projects/test-host-project-a1203","resources":{"hostingSite":"test-host-project-a1203","realtimeDatabaseInstance":"test-host-project-a1203-default-rtdb"},"state":"ACTIVE"}
[info] 
=== Hosting Setup
[info] 
[info] Your public directory is the folder (relative to your project directory) that
[info] will contain Hosting assets to be uploaded with firebase deploy. If you
[info] have a build process for your assets, use your build's output directory.
[info] 
